#
# A fatal error has been detected by the Java Runtime Environment:
#
#  EXCEPTION_ACCESS_VIOLATION (0xc0000005) at pc=0x00007ffd7959756a, pid=17592, tid=8908
#
# JRE version: OpenJDK Runtime Environment (10.0.2+13) (build 10.0.2+13)
# Java VM: OpenJDK 64-Bit Server VM (10.0.2+13, mixed mode, tiered, compressed oops, g1 gc, windows-amd64)
# Problematic frame:
# C  [ig9icd64.dll+0x1756a]
#
# No core dump will be written. Minidumps are not enabled by default on client versions of Windows
#
# If you would like to submit a bug report, please visit:
#   http://bugreport.java.com/bugreport/crash.jsp
# The crash happened outside the Java Virtual Machine in native code.
# See problematic frame for where to report the bug.
#

---------------  S U M M A R Y ------------

Command Line: -Djava.library.path=C:\Users\Dell\workspace\OpenGL\src\natives;C:\Users\Dell\workspace\OpenGL\src\natives -Dfile.encoding=Cp1252 main.Renderer

Host: Intel(R) Core(TM) i7-8565U CPU @ 1.80GHz, 8 cores, 7G,  Windows 10 , 64 bit Build 18362 (10.0.18362.1082)
Time: Wed Sep 09 21:38:07 2020 Hora oficial do Brasil elapsed time: 1 seconds (0d 0h 0m 1s)

---------------  T H R E A D  ---------------

Current thread (0x000001f61ee38000):  JavaThread "AWT-EventQueue-0" [_thread_in_native, id=8908, stack(0x0000008b15f00000,0x0000008b16000000)]

Stack: [0x0000008b15f00000,0x0000008b16000000],  sp=0x0000008b15ffb1b0,  free space=1004k
Native frames: (J=compiled Java code, j=interpreted, Vv=VM code, C=native code)
C  [ig9icd64.dll+0x1756a]

Java frames: (J=compiled Java code, j=interpreted, Vv=VM code)
j  jogamp.nativewindow.windows.GDI.SwapBuffers(J)Z+0
j  jogamp.opengl.windows.wgl.WGLUtil.SwapBuffers(J)Z+12
j  jogamp.opengl.windows.wgl.WindowsWGLDrawable.swapBuffersImpl(Z)V+23
j  jogamp.opengl.GLDrawableImpl.swapBuffers()V+67
j  jogamp.opengl.GLDrawableHelper.invokeGLImpl(Lcom/jogamp/opengl/GLDrawable;Lcom/jogamp/opengl/GLContext;Ljava/lang/Runnable;Ljava/lang/Runnable;)V+216
j  jogamp.opengl.GLDrawableHelper.invokeGL(Lcom/jogamp/opengl/GLDrawable;Lcom/jogamp/opengl/GLContext;Ljava/lang/Runnable;Ljava/lang/Runnable;)V+72
j  com.jogamp.opengl.awt.GLCanvas$12.run()V+104
j  com.jogamp.opengl.Threading.invoke(ZLjava/lang/Runnable;Ljava/lang/Object;)V+27
j  com.jogamp.opengl.awt.GLCanvas.display()V+64
j  com.jogamp.opengl.awt.GLCanvas.paint(Ljava/awt/Graphics;)V+137
j  sun.awt.RepaintArea.paintComponent(Ljava/awt/Component;Ljava/awt/Graphics;)V+6 java.desktop@10.0.2
j  sun.awt.RepaintArea.paint(Ljava/lang/Object;Z)V+326 java.desktop@10.0.2
j  sun.awt.windows.WComponentPeer.handleEvent(Ljava/awt/AWTEvent;)V+155 java.desktop@10.0.2
j  java.awt.Component.dispatchEventImpl(Ljava/awt/AWTEvent;)V+733 java.desktop@10.0.2
j  java.awt.Component.dispatchEvent(Ljava/awt/AWTEvent;)V+2 java.desktop@10.0.2
j  java.awt.EventQueue.dispatchEventImpl(Ljava/awt/AWTEvent;Ljava/lang/Object;)V+41 java.desktop@10.0.2
j  java.awt.EventQueue.access$600(Ljava/awt/EventQueue;Ljava/awt/AWTEvent;Ljava/lang/Object;)V+3 java.desktop@10.0.2
j  java.awt.EventQueue$4.run()Ljava/lang/Void;+32 java.desktop@10.0.2
j  java.awt.EventQueue$4.run()Ljava/lang/Object;+1 java.desktop@10.0.2
v  ~StubRoutines::call_stub
j  java.security.AccessController.doPrivileged(Ljava/security/PrivilegedAction;Ljava/security/AccessControlContext;)Ljava/lang/Object;+0 java.base@10.0.2
j  java.security.ProtectionDomain$JavaSecurityAccessImpl.doIntersectionPrivilege(Ljava/security/PrivilegedAction;Ljava/security/AccessControlContext;Ljava/security/AccessControlContext;)Ljava/lang/Object;+18 java.base@10.0.2
j  java.security.ProtectionDomain$JavaSecurityAccessImpl.doIntersectionPrivilege(Ljava/security/PrivilegedAction;Ljava/security/AccessControlContext;)Ljava/lang/Object;+6 java.base@10.0.2
j  java.awt.EventQueue$5.run()Ljava/lang/Void;+11 java.desktop@10.0.2
j  java.awt.EventQueue$5.run()Ljava/lang/Object;+1 java.desktop@10.0.2
v  ~StubRoutines::call_stub
j  java.security.AccessController.doPrivileged(Ljava/security/PrivilegedAction;Ljava/security/AccessControlContext;)Ljava/lang/Object;+0 java.base@10.0.2
j  java.security.ProtectionDomain$JavaSecurityAccessImpl.doIntersectionPrivilege(Ljava/security/PrivilegedAction;Ljava/security/AccessControlContext;Ljava/security/AccessControlContext;)Ljava/lang/Object;+18 java.base@10.0.2
j  java.awt.EventQueue.dispatchEvent(Ljava/awt/AWTEvent;)V+73 java.desktop@10.0.2
j  java.awt.EventDispatchThread.pumpOneEventForFilters(I)V+78 java.desktop@10.0.2
j  java.awt.EventDispatchThread.pumpEventsForFilter(ILjava/awt/Conditional;Ljava/awt/EventFilter;)V+35 java.desktop@10.0.2
j  java.awt.EventDispatchThread.pumpEventsForHierarchy(ILjava/awt/Conditional;Ljava/awt/Component;)V+11 java.desktop@10.0.2
j  java.awt.EventDispatchThread.pumpEvents(ILjava/awt/Conditional;)V+4 java.desktop@10.0.2
j  java.awt.EventDispatchThread.pumpEvents(Ljava/awt/Conditional;)V+3 java.desktop@10.0.2
j  java.awt.EventDispatchThread.run()V+9 java.desktop@10.0.2
v  ~StubRoutines::call_stub

siginfo: EXCEPTION_ACCESS_VIOLATION (0xc0000005), reading address 0x000001f720348430


Register to memory mapping:

RIP=0x00007ffd7959756a ig9icd64.dll
RAX=0x00007ffd7959756a ig9icd64.dll
RBX=0x000001f620c57088 is an unknown value
RCX=0x000001f620348450 is an unknown value
RDX=0x000001f720348440 is an unknown value
RSP=0x0000008b15ffb1b0 is pointing into the stack for thread: 0x000001f61ee38000
RBP=0x0000000000000000 is an unknown value
RSI=
[error occurred during error reporting (printing register info), id 0xc0000005]

Registers:
RAX=0x00007ffd7959756a, RBX=0x000001f620c57088, RCX=0x000001f620348450, RDX=0x000001f720348440
RSP=0x0000008b15ffb1b0, RBP=0x0000000000000000, RSI=0x00000000ffffffff, RDI=0x0000000000010000
R8 =0x0000000000000010, R9 =0x00007ffd79580000, R10=0x0000000000000003, R11=0x0000000000000000
R12=0x000001f620c58248, R13=0x0000000000000000, R14=0x0000000000000010, R15=0x000001f620c2dfc0
RIP=0x00007ffd7959756a, EFLAGS=0x0000000000010206

Top of Stack: (sp=0x0000008b15ffb1b0)
0x0000008b15ffb1b0:   000001f61e5bb800 0000000000000009
0x0000008b15ffb1c0:   0000008b15ffb1d8 0000000000000000
0x0000008b15ffb1d0:   0000000000000000 00007ffd79677ffd
0x0000008b15ffb1e0:   0000000100000009 0000000000000009
0x0000008b15ffb1f0:   0000000000000000 00007ffddd6e5ae1
0x0000008b15ffb200:   0000000000000000 00000000ffffffff
0x0000008b15ffb210:   0000008b15ffb208 0000000000000001
0x0000008b15ffb220:   000001f61f1c8e90 000001f61ee38000
0x0000008b15ffb230:   0000000000000010 000001f61f709e38
0x0000008b15ffb240:   0000000000000000 000001f620c2dfc0
0x0000008b15ffb250:   000001f620c2dfc0 0000000000000000
0x0000008b15ffb260:   000001f620c2dfc0 00007ffd79626b2b
0x0000008b15ffb270:   000001f6ffffffff 000001f600000000
0x0000008b15ffb280:   000001f600000001 0000000000000003
0x0000008b15ffb290:   000001f629ddfe60 00007ffd795e6a2e
0x0000008b15ffb2a0:   0000103debf50e47 00007ffddd69d6e6 

Instructions: (pc=0x00007ffd7959756a)
0x00007ffd7959754a:   41 d8 8b 42 dc 89 41 dc 8b 42 e0 89 41 e0 8b 42
0x00007ffd7959755a:   e4 89 41 e4 8b 42 e8 89 41 e8 8b 42 ec 89 41 ec
0x00007ffd7959756a:   8b 42 f0 89 41 f0 e9 26 03 00 00 48 8b c1 83 e0
0x00007ffd7959757a:   0f 74 3d 41 b9 10 00 00 00 4c 2b c8 49 8b c1 49 



---------------  P R O C E S S  ---------------

Threads class SMR info:
_java_thread_list=0x000001f61e4d6350, length=17, elements={
0x000001f67f5f1000, 0x000001f67f5fa000, 0x000001f67f606000, 0x000001f67f607000,
0x000001f67f607800, 0x000001f61e2d8800, 0x000001f61e2da000, 0x000001f61e2dc000,
0x000001f61e2ee800, 0x000001f61e43a000, 0x000001f61e443000, 0x000001f61ee7f000,
0x000001f61ee80000, 0x000001f61ee80800, 0x000001f61ee38000, 0x000001f61f2c7800,
0x000001f67db7e000
}

Java Threads: ( => current thread )
  0x000001f67f5f1000 JavaThread "Reference Handler" daemon [_thread_blocked, id=8624, stack(0x0000008b15000000,0x0000008b15100000)]
  0x000001f67f5fa000 JavaThread "Finalizer" daemon [_thread_blocked, id=16644, stack(0x0000008b15100000,0x0000008b15200000)]
  0x000001f67f606000 JavaThread "Signal Dispatcher" daemon [_thread_blocked, id=9788, stack(0x0000008b15200000,0x0000008b15300000)]
  0x000001f67f607000 JavaThread "Attach Listener" daemon [_thread_blocked, id=16820, stack(0x0000008b15300000,0x0000008b15400000)]
  0x000001f67f607800 JavaThread "C2 CompilerThread0" daemon [_thread_blocked, id=8236, stack(0x0000008b15400000,0x0000008b15500000)]
  0x000001f61e2d8800 JavaThread "C2 CompilerThread1" daemon [_thread_blocked, id=16504, stack(0x0000008b15500000,0x0000008b15600000)]
  0x000001f61e2da000 JavaThread "C2 CompilerThread2" daemon [_thread_blocked, id=16500, stack(0x0000008b15600000,0x0000008b15700000)]
  0x000001f61e2dc000 JavaThread "C1 CompilerThread3" daemon [_thread_blocked, id=6624, stack(0x0000008b15700000,0x0000008b15800000)]
  0x000001f61e2ee800 JavaThread "Sweeper thread" daemon [_thread_blocked, id=14908, stack(0x0000008b15800000,0x0000008b15900000)]
  0x000001f61e43a000 JavaThread "Service Thread" daemon [_thread_blocked, id=16732, stack(0x0000008b15900000,0x0000008b15a00000)]
  0x000001f61e443000 JavaThread "Common-Cleaner" daemon [_thread_blocked, id=17172, stack(0x0000008b15b00000,0x0000008b15c00000)]
  0x000001f61ee7f000 JavaThread "Java2D Disposer" daemon [_thread_blocked, id=12040, stack(0x0000008b15c00000,0x0000008b15d00000)]
  0x000001f61ee80000 JavaThread "AWT-Shutdown" [_thread_blocked, id=1144, stack(0x0000008b15d00000,0x0000008b15e00000)]
  0x000001f61ee80800 JavaThread "AWT-Windows" daemon [_thread_in_native, id=4336, stack(0x0000008b15e00000,0x0000008b15f00000)]
=>0x000001f61ee38000 JavaThread "AWT-EventQueue-0" [_thread_in_native, id=8908, stack(0x0000008b15f00000,0x0000008b16000000)]
  0x000001f61f2c7800 JavaThread "main-SharedResourceRunner" daemon [_thread_blocked, id=11508, stack(0x0000008b16000000,0x0000008b16100000)]
  0x000001f67db7e000 JavaThread "DestroyJavaVM" [_thread_blocked, id=16784, stack(0x0000008b13a00000,0x0000008b13b00000)]

Other Threads:
  0x000001f67f5ea000 VMThread "VM Thread" [stack: 0x0000008b14f00000,0x0000008b15000000] [id=17876]
  0x000001f61e43e800 WatcherThread [stack: 0x0000008b15a00000,0x0000008b15b00000] [id=13992]
  0x000001f67db97800 GCTaskThread "GC Thread#0" [stack: 0x0000008b13b00000,0x0000008b13c00000] [id=13464]
  0x000001f67db99000 GCTaskThread "GC Thread#1" [stack: 0x0000008b13c00000,0x0000008b13d00000] [id=17596]
  0x000001f67db9b800 GCTaskThread "GC Thread#2" [stack: 0x0000008b13d00000,0x0000008b13e00000] [id=16288]
  0x000001f67db9e000 GCTaskThread "GC Thread#3" [stack: 0x0000008b13e00000,0x0000008b13f00000] [id=18012]
  0x000001f67dba0000 GCTaskThread "GC Thread#4" [stack: 0x0000008b13f00000,0x0000008b14000000] [id=13644]
  0x000001f67dba2800 GCTaskThread "GC Thread#5" [stack: 0x0000008b14000000,0x0000008b14100000] [id=16300]
  0x000001f67dba4800 GCTaskThread "GC Thread#6" [stack: 0x0000008b14100000,0x0000008b14200000] [id=3968]
  0x000001f67dba6800 GCTaskThread "GC Thread#7" [stack: 0x0000008b14200000,0x0000008b14300000] [id=18368]
  0x000001f67dc16000 ConcurrentGCThread "G1 Main Marker" [stack: 0x0000008b14300000,0x0000008b14400000] [id=17464]
  0x000001f67dc1b000 ConcurrentGCThread "G1 Conc#0" [stack: 0x0000008b14400000,0x0000008b14500000] [id=8764]
  0x000001f67dc1e000 ConcurrentGCThread "G1 Conc#1" [stack: 0x0000008b14500000,0x0000008b14600000] [id=14484]
  0x000001f67f459800 ConcurrentGCThread "G1 Refine#0" [stack: 0x0000008b14600000,0x0000008b14700000] [id=14756]
  0x000001f67f45a000 ConcurrentGCThread "G1 Refine#1" [stack: 0x0000008b14700000,0x0000008b14800000] [id=18336]
  0x000001f67f45b000 ConcurrentGCThread "G1 Refine#2" [stack: 0x0000008b14800000,0x0000008b14900000] [id=16892]
  0x000001f67f45f000 ConcurrentGCThread "G1 Refine#3" [stack: 0x0000008b14900000,0x0000008b14a00000] [id=16400]
  0x000001f67f466800 ConcurrentGCThread "G1 Refine#4" [stack: 0x0000008b14a00000,0x0000008b14b00000] [id=16548]
  0x000001f67f467800 ConcurrentGCThread "G1 Refine#5" [stack: 0x0000008b14b00000,0x0000008b14c00000] [id=6836]
  0x000001f67f46a800 ConcurrentGCThread "G1 Refine#6" [stack: 0x0000008b14c00000,0x0000008b14d00000] [id=17496]
  0x000001f67f473000 ConcurrentGCThread "G1 Refine#7" [stack: 0x0000008b14d00000,0x0000008b14e00000] [id=11828]
  0x000001f67f484000 ConcurrentGCThread "G1 Young RemSet Sampling" [stack: 0x0000008b14e00000,0x0000008b14f00000] [id=5000]

Threads with active compile tasks:

VM state:not at safepoint (normal execution)

VM Mutex/Monitor currently owned by a thread: None

Heap address: 0x0000000081e00000, size: 2018 MB, Compressed Oops mode: 32-bit
Narrow klass base: 0x0000000000000000, Narrow klass shift: 3
Compressed class space size: 1073741824 Address: 0x0000000100000000

Heap:
 garbage-first heap   total 131072K, used 14956K [0x0000000081e00000, 0x0000000100000000)
  region size 1024K, 14 young (14336K), 3 survivors (3072K)
 Metaspace       used 20338K, capacity 20726K, committed 21120K, reserved 1069056K
  class space    used 1861K, capacity 2066K, committed 2176K, reserved 1048576K
Heap Regions: E=young(eden), S=young(survivor), O=old, HS=humongous(starts), HC=humongous(continues), CS=collection set, F=free, A=archive, TS=gc time stamp, AC=allocation context, TAMS=top-at-mark-start (previous, next)
|   0|0x0000000081e00000, 0x0000000081f00000, 0x0000000081f00000|100%|HS|  |TS  1|AC  0|TAMS 0x0000000081e00000, 0x0000000081e00000|
|   1|0x0000000081f00000, 0x0000000081f9b200, 0x0000000082000000| 60%| O|  |TS  1|AC  0|TAMS 0x0000000081f00000, 0x0000000081f00000|
|   2|0x0000000082000000, 0x0000000082000000, 0x0000000082100000|  0%| F|  |TS  0|AC  0|TAMS 0x0000000082000000, 0x0000000082000000|
|   3|0x0000000082100000, 0x0000000082100000, 0x0000000082200000|  0%| F|  |TS  0|AC  0|TAMS 0x0000000082100000, 0x0000000082100000|
|   4|0x0000000082200000, 0x0000000082200000, 0x0000000082300000|  0%| F|  |TS  0|AC  0|TAMS 0x0000000082200000, 0x0000000082200000|
|   5|0x0000000082300000, 0x0000000082300000, 0x0000000082400000|  0%| F|  |TS  0|AC  0|TAMS 0x0000000082300000, 0x0000000082300000|
|   6|0x0000000082400000, 0x0000000082400000, 0x0000000082500000|  0%| F|  |TS  0|AC  0|TAMS 0x0000000082400000, 0x0000000082400000|
|   7|0x0000000082500000, 0x0000000082500000, 0x0000000082600000|  0%| F|  |TS  0|AC  0|TAMS 0x0000000082500000, 0x0000000082500000|
|   8|0x0000000082600000, 0x0000000082600000, 0x0000000082700000|  0%| F|  |TS  0|AC  0|TAMS 0x0000000082600000, 0x0000000082600000|
|   9|0x0000000082700000, 0x0000000082700000, 0x0000000082800000|  0%| F|  |TS  0|AC  0|TAMS 0x0000000082700000, 0x0000000082700000|
|  10|0x0000000082800000, 0x0000000082800000, 0x0000000082900000|  0%| F|  |TS  0|AC  0|TAMS 0x0000000082800000, 0x0000000082800000|
|  11|0x0000000082900000, 0x0000000082900000, 0x0000000082a00000|  0%| F|  |TS  0|AC  0|TAMS 0x0000000082900000, 0x0000000082900000|
|  12|0x0000000082a00000, 0x0000000082a00000, 0x0000000082b00000|  0%| F|  |TS  0|AC  0|TAMS 0x0000000082a00000, 0x0000000082a00000|
|  13|0x0000000082b00000, 0x0000000082b00000, 0x0000000082c00000|  0%| F|  |TS  0|AC  0|TAMS 0x0000000082b00000, 0x0000000082b00000|
|  14|0x0000000082c00000, 0x0000000082c00000, 0x0000000082d00000|  0%| F|  |TS  0|AC  0|TAMS 0x0000000082c00000, 0x0000000082c00000|
|  15|0x0000000082d00000, 0x0000000082d00000, 0x0000000082e00000|  0%| F|  |TS  0|AC  0|TAMS 0x0000000082d00000, 0x0000000082d00000|
|  16|0x0000000082e00000, 0x0000000082e00000, 0x0000000082f00000|  0%| F|  |TS  0|AC  0|TAMS 0x0000000082e00000, 0x0000000082e00000|
|  17|0x0000000082f00000, 0x0000000082f00000, 0x0000000083000000|  0%| F|  |TS  0|AC  0|TAMS 0x0000000082f00000, 0x0000000082f00000|
|  18|0x0000000083000000, 0x0000000083000000, 0x0000000083100000|  0%| F|  |TS  0|AC  0|TAMS 0x0000000083000000, 0x0000000083000000|
|  19|0x0000000083100000, 0x0000000083100000, 0x0000000083200000|  0%| F|  |TS  0|AC  0|TAMS 0x0000000083100000, 0x0000000083100000|
|  20|0x0000000083200000, 0x0000000083200000, 0x0000000083300000|  0%| F|  |TS  0|AC  0|TAMS 0x0000000083200000, 0x0000000083200000|
|  21|0x0000000083300000, 0x0000000083300000, 0x0000000083400000|  0%| F|  |TS  0|AC  0|TAMS 0x0000000083300000, 0x0000000083300000|
|  22|0x0000000083400000, 0x0000000083400000, 0x0000000083500000|  0%| F|  |TS  0|AC  0|TAMS 0x0000000083400000, 0x0000000083400000|
|  23|0x0000000083500000, 0x0000000083500000, 0x0000000083600000|  0%| F|  |TS  0|AC  0|TAMS 0x0000000083500000, 0x0000000083500000|
|  24|0x0000000083600000, 0x0000000083600000, 0x0000000083700000|  0%| F|  |TS  0|AC  0|TAMS 0x0000000083600000, 0x0000000083600000|
|  25|0x0000000083700000, 0x0000000083700000, 0x0000000083800000|  0%| F|  |TS  0|AC  0|TAMS 0x0000000083700000, 0x0000000083700000|
|  26|0x0000000083800000, 0x0000000083800000, 0x0000000083900000|  0%| F|  |TS  0|AC  0|TAMS 0x0000000083800000, 0x0000000083800000|
|  27|0x0000000083900000, 0x0000000083900000, 0x0000000083a00000|  0%| F|  |TS  0|AC  0|TAMS 0x0000000083900000, 0x0000000083900000|
|  28|0x0000000083a00000, 0x0000000083a00000, 0x0000000083b00000|  0%| F|  |TS  0|AC  0|TAMS 0x0000000083a00000, 0x0000000083a00000|
|  29|0x0000000083b00000, 0x0000000083b00000, 0x0000000083c00000|  0%| F|  |TS  0|AC  0|TAMS 0x0000000083b00000, 0x0000000083b00000|
|  30|0x0000000083c00000, 0x0000000083c00000, 0x0000000083d00000|  0%| F|  |TS  0|AC  0|TAMS 0x0000000083c00000, 0x0000000083c00000|
|  31|0x0000000083d00000, 0x0000000083d00000, 0x0000000083e00000|  0%| F|  |TS  0|AC  0|TAMS 0x0000000083d00000, 0x0000000083d00000|
|  32|0x0000000083e00000, 0x0000000083e00000, 0x0000000083f00000|  0%| F|  |TS  0|AC  0|TAMS 0x0000000083e00000, 0x0000000083e00000|
|  33|0x0000000083f00000, 0x0000000083f00000, 0x0000000084000000|  0%| F|  |TS  0|AC  0|TAMS 0x0000000083f00000, 0x0000000083f00000|
|  34|0x0000000084000000, 0x0000000084000000, 0x0000000084100000|  0%| F|  |TS  0|AC  0|TAMS 0x0000000084000000, 0x0000000084000000|
|  35|0x0000000084100000, 0x0000000084100000, 0x0000000084200000|  0%| F|  |TS  0|AC  0|TAMS 0x0000000084100000, 0x0000000084100000|
|  36|0x0000000084200000, 0x0000000084200000, 0x0000000084300000|  0%| F|  |TS  0|AC  0|TAMS 0x0000000084200000, 0x0000000084200000|
|  37|0x0000000084300000, 0x0000000084300000, 0x0000000084400000|  0%| F|  |TS  0|AC  0|TAMS 0x0000000084300000, 0x0000000084300000|
|  38|0x0000000084400000, 0x0000000084400000, 0x0000000084500000|  0%| F|  |TS  0|AC  0|TAMS 0x0000000084400000, 0x0000000084400000|
|  39|0x0000000084500000, 0x0000000084500000, 0x0000000084600000|  0%| F|  |TS  0|AC  0|TAMS 0x0000000084500000, 0x0000000084500000|
|  40|0x0000000084600000, 0x0000000084600000, 0x0000000084700000|  0%| F|  |TS  0|AC  0|TAMS 0x0000000084600000, 0x0000000084600000|
|  41|0x0000000084700000, 0x0000000084700000, 0x0000000084800000|  0%| F|  |TS  0|AC  0|TAMS 0x0000000084700000, 0x0000000084700000|
|  42|0x0000000084800000, 0x0000000084800000, 0x0000000084900000|  0%| F|  |TS  0|AC  0|TAMS 0x0000000084800000, 0x0000000084800000|
|  43|0x0000000084900000, 0x0000000084900000, 0x0000000084a00000|  0%| F|  |TS  0|AC  0|TAMS 0x0000000084900000, 0x0000000084900000|
|  44|0x0000000084a00000, 0x0000000084a00000, 0x0000000084b00000|  0%| F|  |TS  0|AC  0|TAMS 0x0000000084a00000, 0x0000000084a00000|
|  45|0x0000000084b00000, 0x0000000084b00000, 0x0000000084c00000|  0%| F|  |TS  0|AC  0|TAMS 0x0000000084b00000, 0x0000000084b00000|
|  46|0x0000000084c00000, 0x0000000084c00000, 0x0000000084d00000|  0%| F|  |TS  0|AC  0|TAMS 0x0000000084c00000, 0x0000000084c00000|
|  47|0x0000000084d00000, 0x0000000084d00000, 0x0000000084e00000|  0%| F|  |TS  0|AC  0|TAMS 0x0000000084d00000, 0x0000000084d00000|
|  48|0x0000000084e00000, 0x0000000084e00000, 0x0000000084f00000|  0%| F|  |TS  0|AC  0|TAMS 0x0000000084e00000, 0x0000000084e00000|
|  49|0x0000000084f00000, 0x0000000084f00000, 0x0000000085000000|  0%| F|  |TS  0|AC  0|TAMS 0x0000000084f00000, 0x0000000084f00000|
|  50|0x0000000085000000, 0x0000000085000000, 0x0000000085100000|  0%| F|  |TS  0|AC  0|TAMS 0x0000000085000000, 0x0000000085000000|
|  51|0x0000000085100000, 0x0000000085100000, 0x0000000085200000|  0%| F|  |TS  0|AC  0|TAMS 0x0000000085100000, 0x0000000085100000|
|  52|0x0000000085200000, 0x0000000085200000, 0x0000000085300000|  0%| F|  |TS  0|AC  0|TAMS 0x0000000085200000, 0x0000000085200000|
|  53|0x0000000085300000, 0x0000000085300000, 0x0000000085400000|  0%| F|  |TS  0|AC  0|TAMS 0x0000000085300000, 0x0000000085300000|
|  54|0x0000000085400000, 0x0000000085400000, 0x0000000085500000|  0%| F|  |TS  0|AC  0|TAMS 0x0000000085400000, 0x0000000085400000|
|  55|0x0000000085500000, 0x0000000085500000, 0x0000000085600000|  0%| F|  |TS  0|AC  0|TAMS 0x0000000085500000, 0x0000000085500000|
|  56|0x0000000085600000, 0x0000000085600000, 0x0000000085700000|  0%| F|  |TS  0|AC  0|TAMS 0x0000000085600000, 0x0000000085600000|
|  57|0x0000000085700000, 0x0000000085700000, 0x0000000085800000|  0%| F|  |TS  0|AC  0|TAMS 0x0000000085700000, 0x0000000085700000|
|  58|0x0000000085800000, 0x0000000085800000, 0x0000000085900000|  0%| F|  |TS  0|AC  0|TAMS 0x0000000085800000, 0x0000000085800000|
|  59|0x0000000085900000, 0x0000000085900000, 0x0000000085a00000|  0%| F|  |TS  0|AC  0|TAMS 0x0000000085900000, 0x0000000085900000|
|  60|0x0000000085a00000, 0x0000000085a00000, 0x0000000085b00000|  0%| F|  |TS  0|AC  0|TAMS 0x0000000085a00000, 0x0000000085a00000|
|  61|0x0000000085b00000, 0x0000000085b00000, 0x0000000085c00000|  0%| F|  |TS  0|AC  0|TAMS 0x0000000085b00000, 0x0000000085b00000|
|  62|0x0000000085c00000, 0x0000000085c00000, 0x0000000085d00000|  0%| F|  |TS  0|AC  0|TAMS 0x0000000085c00000, 0x0000000085c00000|
|  63|0x0000000085d00000, 0x0000000085d00000, 0x0000000085e00000|  0%| F|  |TS  0|AC  0|TAMS 0x0000000085d00000, 0x0000000085d00000|
|  64|0x0000000085e00000, 0x0000000085e00000, 0x0000000085f00000|  0%| F|  |TS  0|AC  0|TAMS 0x0000000085e00000, 0x0000000085e00000|
|  65|0x0000000085f00000, 0x0000000085f00000, 0x0000000086000000|  0%| F|  |TS  0|AC  0|TAMS 0x0000000085f00000, 0x0000000085f00000|
|  66|0x0000000086000000, 0x0000000086000000, 0x0000000086100000|  0%| F|  |TS  0|AC  0|TAMS 0x0000000086000000, 0x0000000086000000|
|  67|0x0000000086100000, 0x0000000086100000, 0x0000000086200000|  0%| F|  |TS  0|AC  0|TAMS 0x0000000086100000, 0x0000000086100000|
|  68|0x0000000086200000, 0x0000000086200000, 0x0000000086300000|  0%| F|  |TS  0|AC  0|TAMS 0x0000000086200000, 0x0000000086200000|
|  69|0x0000000086300000, 0x0000000086300000, 0x0000000086400000|  0%| F|  |TS  0|AC  0|TAMS 0x0000000086300000, 0x0000000086300000|
|  70|0x0000000086400000, 0x0000000086400000, 0x0000000086500000|  0%| F|  |TS  0|AC  0|TAMS 0x0000000086400000, 0x0000000086400000|
|  71|0x0000000086500000, 0x0000000086500000, 0x0000000086600000|  0%| F|  |TS  0|AC  0|TAMS 0x0000000086500000, 0x0000000086500000|
|  72|0x0000000086600000, 0x0000000086600000, 0x0000000086700000|  0%| F|  |TS  0|AC  0|TAMS 0x0000000086600000, 0x0000000086600000|
|  73|0x0000000086700000, 0x0000000086700000, 0x0000000086800000|  0%| F|  |TS  0|AC  0|TAMS 0x0000000086700000, 0x0000000086700000|
|  74|0x0000000086800000, 0x0000000086800000, 0x0000000086900000|  0%| F|  |TS  0|AC  0|TAMS 0x0000000086800000, 0x0000000086800000|
|  75|0x0000000086900000, 0x0000000086900000, 0x0000000086a00000|  0%| F|  |TS  0|AC  0|TAMS 0x0000000086900000, 0x0000000086900000|
|  76|0x0000000086a00000, 0x0000000086a00000, 0x0000000086b00000|  0%| F|  |TS  0|AC  0|TAMS 0x0000000086a00000, 0x0000000086a00000|
|  77|0x0000000086b00000, 0x0000000086b00000, 0x0000000086c00000|  0%| F|  |TS  0|AC  0|TAMS 0x0000000086b00000, 0x0000000086b00000|
|  78|0x0000000086c00000, 0x0000000086c00000, 0x0000000086d00000|  0%| F|  |TS  0|AC  0|TAMS 0x0000000086c00000, 0x0000000086c00000|
|  79|0x0000000086d00000, 0x0000000086d00000, 0x0000000086e00000|  0%| F|  |TS  0|AC  0|TAMS 0x0000000086d00000, 0x0000000086d00000|
|  80|0x0000000086e00000, 0x0000000086e00000, 0x0000000086f00000|  0%| F|  |TS  0|AC  0|TAMS 0x0000000086e00000, 0x0000000086e00000|
|  81|0x0000000086f00000, 0x0000000086f00000, 0x0000000087000000|  0%| F|  |TS  0|AC  0|TAMS 0x0000000086f00000, 0x0000000086f00000|
|  82|0x0000000087000000, 0x0000000087000000, 0x0000000087100000|  0%| F|  |TS  0|AC  0|TAMS 0x0000000087000000, 0x0000000087000000|
|  83|0x0000000087100000, 0x0000000087100000, 0x0000000087200000|  0%| F|  |TS  0|AC  0|TAMS 0x0000000087100000, 0x0000000087100000|
|  84|0x0000000087200000, 0x0000000087200000, 0x0000000087300000|  0%| F|  |TS  0|AC  0|TAMS 0x0000000087200000, 0x0000000087200000|
|  85|0x0000000087300000, 0x0000000087300000, 0x0000000087400000|  0%| F|  |TS  0|AC  0|TAMS 0x0000000087300000, 0x0000000087300000|
|  86|0x0000000087400000, 0x0000000087400000, 0x0000000087500000|  0%| F|  |TS  0|AC  0|TAMS 0x0000000087400000, 0x0000000087400000|
|  87|0x0000000087500000, 0x0000000087500000, 0x0000000087600000|  0%| F|  |TS  0|AC  0|TAMS 0x0000000087500000, 0x0000000087500000|
|  88|0x0000000087600000, 0x0000000087600000, 0x0000000087700000|  0%| F|  |TS  0|AC  0|TAMS 0x0000000087600000, 0x0000000087600000|
|  89|0x0000000087700000, 0x0000000087700000, 0x0000000087800000|  0%| F|  |TS  0|AC  0|TAMS 0x0000000087700000, 0x0000000087700000|
|  90|0x0000000087800000, 0x0000000087800000, 0x0000000087900000|  0%| F|  |TS  0|AC  0|TAMS 0x0000000087800000, 0x0000000087800000|
|  91|0x0000000087900000, 0x0000000087900000, 0x0000000087a00000|  0%| F|  |TS  0|AC  0|TAMS 0x0000000087900000, 0x0000000087900000|
|  92|0x0000000087a00000, 0x0000000087a00000, 0x0000000087b00000|  0%| F|  |TS  0|AC  0|TAMS 0x0000000087a00000, 0x0000000087a00000|
|  93|0x0000000087b00000, 0x0000000087b00000, 0x0000000087c00000|  0%| F|  |TS  0|AC  0|TAMS 0x0000000087b00000, 0x0000000087b00000|
|  94|0x0000000087c00000, 0x0000000087c00000, 0x0000000087d00000|  0%| F|  |TS  0|AC  0|TAMS 0x0000000087c00000, 0x0000000087c00000|
|  95|0x0000000087d00000, 0x0000000087d00000, 0x0000000087e00000|  0%| F|  |TS  0|AC  0|TAMS 0x0000000087d00000, 0x0000000087d00000|
|  96|0x0000000087e00000, 0x0000000087e00000, 0x0000000087f00000|  0%| F|  |TS  0|AC  0|TAMS 0x0000000087e00000, 0x0000000087e00000|
|  97|0x0000000087f00000, 0x0000000087f00000, 0x0000000088000000|  0%| F|  |TS  0|AC  0|TAMS 0x0000000087f00000, 0x0000000087f00000|
|  98|0x0000000088000000, 0x0000000088000000, 0x0000000088100000|  0%| F|  |TS  0|AC  0|TAMS 0x0000000088000000, 0x0000000088000000|
|  99|0x0000000088100000, 0x0000000088100000, 0x0000000088200000|  0%| F|  |TS  0|AC  0|TAMS 0x0000000088100000, 0x0000000088100000|
| 100|0x0000000088200000, 0x0000000088200000, 0x0000000088300000|  0%| F|  |TS  0|AC  0|TAMS 0x0000000088200000, 0x0000000088200000|
| 101|0x0000000088300000, 0x0000000088400000, 0x0000000088400000|100%| S|CS|TS  1|AC  0|TAMS 0x0000000088300000, 0x0000000088300000|
| 102|0x0000000088400000, 0x0000000088500000, 0x0000000088500000|100%| S|CS|TS  1|AC  0|TAMS 0x0000000088400000, 0x0000000088400000|
| 103|0x0000000088500000, 0x0000000088600000, 0x0000000088600000|100%| S|CS|TS  1|AC  0|TAMS 0x0000000088500000, 0x0000000088500000|
| 104|0x0000000088600000, 0x0000000088600000, 0x0000000088700000|  0%| F|  |TS  1|AC  0|TAMS 0x0000000088600000, 0x0000000088600000|
| 105|0x0000000088700000, 0x0000000088700000, 0x0000000088800000|  0%| F|  |TS  1|AC  0|TAMS 0x0000000088700000, 0x0000000088700000|
| 106|0x0000000088800000, 0x0000000088800000, 0x0000000088900000|  0%| F|  |TS  1|AC  0|TAMS 0x0000000088800000, 0x0000000088800000|
| 107|0x0000000088900000, 0x0000000088900000, 0x0000000088a00000|  0%| F|  |TS  1|AC  0|TAMS 0x0000000088900000, 0x0000000088900000|
| 108|0x0000000088a00000, 0x0000000088a00000, 0x0000000088b00000|  0%| F|  |TS  1|AC  0|TAMS 0x0000000088a00000, 0x0000000088a00000|
| 109|0x0000000088b00000, 0x0000000088b00000, 0x0000000088c00000|  0%| F|  |TS  1|AC  0|TAMS 0x0000000088b00000, 0x0000000088b00000|
| 110|0x0000000088c00000, 0x0000000088c00000, 0x0000000088d00000|  0%| F|  |TS  1|AC  0|TAMS 0x0000000088c00000, 0x0000000088c00000|
| 111|0x0000000088d00000, 0x0000000088d00000, 0x0000000088e00000|  0%| F|  |TS  1|AC  0|TAMS 0x0000000088d00000, 0x0000000088d00000|
| 112|0x0000000088e00000, 0x0000000088e00000, 0x0000000088f00000|  0%| F|  |TS  1|AC  0|TAMS 0x0000000088e00000, 0x0000000088e00000|
| 113|0x0000000088f00000, 0x0000000088f00000, 0x0000000089000000|  0%| F|  |TS  1|AC  0|TAMS 0x0000000088f00000, 0x0000000088f00000|
| 114|0x0000000089000000, 0x0000000089000000, 0x0000000089100000|  0%| F|  |TS  1|AC  0|TAMS 0x0000000089000000, 0x0000000089000000|
| 115|0x0000000089100000, 0x0000000089100000, 0x0000000089200000|  0%| F|  |TS  1|AC  0|TAMS 0x0000000089100000, 0x0000000089100000|
| 116|0x0000000089200000, 0x0000000089200000, 0x0000000089300000|  0%| F|  |TS  1|AC  0|TAMS 0x0000000089200000, 0x0000000089200000|
| 117|0x0000000089300000, 0x00000000893de080, 0x0000000089400000| 86%| E|  |TS  1|AC  0|TAMS 0x0000000089300000, 0x0000000089300000|
| 118|0x0000000089400000, 0x0000000089500000, 0x0000000089500000|100%| E|CS|TS  1|AC  0|TAMS 0x0000000089400000, 0x0000000089400000|
| 119|0x0000000089500000, 0x0000000089600000, 0x0000000089600000|100%| E|CS|TS  1|AC  0|TAMS 0x0000000089500000, 0x0000000089500000|
| 120|0x0000000089600000, 0x0000000089700000, 0x0000000089700000|100%| E|CS|TS  1|AC  0|TAMS 0x0000000089600000, 0x0000000089600000|
| 121|0x0000000089700000, 0x0000000089800000, 0x0000000089800000|100%| E|CS|TS  1|AC  0|TAMS 0x0000000089700000, 0x0000000089700000|
| 122|0x0000000089800000, 0x0000000089900000, 0x0000000089900000|100%| E|CS|TS  1|AC  0|TAMS 0x0000000089800000, 0x0000000089800000|
| 123|0x0000000089900000, 0x0000000089a00000, 0x0000000089a00000|100%| E|CS|TS  1|AC  0|TAMS 0x0000000089900000, 0x0000000089900000|
| 124|0x0000000089a00000, 0x0000000089b00000, 0x0000000089b00000|100%| E|CS|TS  1|AC  0|TAMS 0x0000000089a00000, 0x0000000089a00000|
| 125|0x0000000089b00000, 0x0000000089c00000, 0x0000000089c00000|100%| E|CS|TS  1|AC  0|TAMS 0x0000000089b00000, 0x0000000089b00000|
| 126|0x0000000089c00000, 0x0000000089d00000, 0x0000000089d00000|100%| E|CS|TS  1|AC  0|TAMS 0x0000000089c00000, 0x0000000089c00000|
| 127|0x0000000089d00000, 0x0000000089e00000, 0x0000000089e00000|100%| E|CS|TS  1|AC  0|TAMS 0x0000000089d00000, 0x0000000089d00000|

Card table byte_map: [0x000001f67e390000,0x000001f67e790000] byte_map_base: 0x000001f67df81000

Marking Bits (Prev, Next): (CMBitMap*) 0x000001f67dc15800, (CMBitMap*) 0x000001f67dc15838
 Prev Bits: [0x000001f618370000, 0x000001f61a2f8000)
 Next Bits: [0x000001f61a300000, 0x000001f61c288000)

Polling page: 0x000001f67ba50000

CodeHeap 'non-profiled nmethods': size=120000Kb used=494Kb max_used=494Kb free=119505Kb
 bounds [0x000001f610e40000, 0x000001f6110b0000, 0x000001f618370000]
CodeHeap 'profiled nmethods': size=120000Kb used=2145Kb max_used=2145Kb free=117854Kb
 bounds [0x000001f609910000, 0x000001f609b80000, 0x000001f610e40000]
CodeHeap 'non-nmethods': size=5760Kb used=1398Kb max_used=1419Kb free=4361Kb
 bounds [0x000001f609370000, 0x000001f6095e0000, 0x000001f609910000]
 total_blobs=2366 nmethods=1236 adapters=786
 compilation: enabled

Compilation events (10 events):
Event: 1.859 Thread 0x000001f61e2dc000 1233       3       java.util.concurrent.ConcurrentHashMap::values (25 bytes)
Event: 1.859 Thread 0x000001f61e2dc000 nmethod 1233 0x000001f609b26910 code [0x000001f609b26ae0, 0x000001f609b26eb8]
Event: 1.859 Thread 0x000001f61e2dc000 1234       3       java.util.concurrent.ConcurrentHashMap$ValuesView::iterator (34 bytes)
Event: 1.859 Thread 0x000001f61e2dc000 nmethod 1234 0x000001f609b27010 code [0x000001f609b27200, 0x000001f609b27600]
Event: 1.877 Thread 0x000001f61e2dc000 1235       3       java.util.regex.ASCII::isDigit (18 bytes)
Event: 1.877 Thread 0x000001f61e2dc000 nmethod 1235 0x000001f609b27790 code [0x000001f609b27940, 0x000001f609b27af8]
Event: 1.877 Thread 0x000001f61e2dc000 1237       3       java.lang.reflect.Modifier::isProtected (12 bytes)
Event: 1.877 Thread 0x000001f61e2dc000 nmethod 1237 0x000001f609b27b90 code [0x000001f609b27d40, 0x000001f609b27ed8]
Event: 1.877 Thread 0x000001f61e2dc000 1236       3       java.util.regex.CharPredicates$$Lambda$1/2088051243::is (5 bytes)
Event: 1.878 Thread 0x000001f61e2dc000 nmethod 1236 0x000001f609b27f90 code [0x000001f609b28160, 0x000001f609b28478]

GC Heap History (2 events):
Event: 1.563 GC heap before
{Heap before GC invocations=0 (full 0):
 garbage-first heap   total 131072K, used 25600K [0x0000000081e00000, 0x0000000100000000)
  region size 1024K, 24 young (24576K), 0 survivors (0K)
 Metaspace       used 16164K, capacity 16371K, committed 16640K, reserved 1064960K
  class space    used 1324K, capacity 1435K, committed 1536K, reserved 1048576K
}
Event: 1.574 GC heap after
{Heap after GC invocations=1 (full 0):
 garbage-first heap   total 131072K, used 3692K [0x0000000081e00000, 0x0000000100000000)
  region size 1024K, 3 young (3072K), 3 survivors (3072K)
 Metaspace       used 16164K, capacity 16371K, committed 16640K, reserved 1064960K
  class space    used 1324K, capacity 1435K, committed 1536K, reserved 1048576K
}

Deoptimization events (7 events):
Event: 0.082 Thread 0x000001f67db7e000 Uncommon trap: reason=unstable_if action=reinterpret pc=0x000001f610e45ff0 method=java.lang.String.hashCode()I @ 14 c2
Event: 0.694 Thread 0x000001f67db7e000 Uncommon trap: reason=unstable_if action=reinterpret pc=0x000001f610e60ffc method=java.nio.Buffer.hasRemaining()Z @ 8 c2
Event: 1.664 Thread 0x000001f61f2c7800 Uncommon trap: reason=unstable_if action=reinterpret pc=0x000001f610e96780 method=java.lang.Integer.getChars(II[B)I @ 25 c2
Event: 1.689 Thread 0x000001f67db7e000 Uncommon trap: reason=unstable_if action=reinterpret pc=0x000001f610e98120 method=java.util.HashMap.containsKey(Ljava/lang/Object;)Z @ 9 c2
Event: 1.714 Thread 0x000001f67db7e000 Uncommon trap: reason=unstable_if action=reinterpret pc=0x000001f610e9cf90 method=java.lang.reflect.AccessibleObject.checkCanSetAccessible(Ljava/lang/Class;Ljava/lang/Class;Z)Z @ 16 c2
Event: 1.744 Thread 0x000001f67db7e000 Uncommon trap: reason=unstable_if action=reinterpret pc=0x000001f610e9e0b8 method=java.lang.reflect.Field.getFieldAccessor(Ljava/lang/Object;)Ljdk/internal/reflect/FieldAccessor; @ 6 c2
Event: 1.815 Thread 0x000001f67db7e000 Uncommon trap: reason=unstable_if action=reinterpret pc=0x000001f610eae914 method=java.util.Arrays.equals([Ljava/lang/Object;[Ljava/lang/Object;)Z @ 23 c2

Classes redefined (0 events):
No events

Internal exceptions (10 events):
Event: 1.718 Thread 0x000001f67db7e000 Exception <a 'java/lang/NoSuchMethodError'{0x00000000898fd058}: method resolution failed> (0x00000000898fd058) thrown at [t:/workspace/src/hotspot/share/prims/methodHandles.cpp, line 1226]
Event: 1.718 Thread 0x000001f67db7e000 Exception <a 'java/lang/NoSuchMethodError'{0x0000000089704a78}: java.lang.invoke.DirectMethodHandle$Holder.invokeStatic(Ljava/lang/Object;ILjava/lang/Object;Ljava/lang/Object;Ljava/lang/Object;)Ljava/lang/Object;> (0x0000000089704a78) thrown at [t:/worksp
Event: 1.718 Thread 0x000001f67db7e000 Exception <a 'java/lang/NoSuchMethodError'{0x0000000089708668}: method resolution failed> (0x0000000089708668) thrown at [t:/workspace/src/hotspot/share/prims/methodHandles.cpp, line 1226]
Event: 1.736 Thread 0x000001f67db7e000 Exception <a 'java/lang/ClassNotFoundException'{0x00000000897cc728}: com/sun/swing/internal/plaf/metal/resources/spi/metalProvider> (0x00000000897cc728) thrown at [t:/workspace/src/hotspot/share/classfile/systemDictionary.cpp, line 233]
Event: 1.737 Thread 0x000001f67db7e000 Exception <a 'java/lang/ClassNotFoundException'{0x00000000897d1230}: com/sun/swing/internal/plaf/basic/resources/spi/basicProvider> (0x00000000897d1230) thrown at [t:/workspace/src/hotspot/share/classfile/systemDictionary.cpp, line 233]
Event: 1.763 Thread 0x000001f67db7e000 Exception <a 'java/lang/NoSuchMethodError'{0x000000008963a990}: java.lang.invoke.DirectMethodHandle$Holder.invokeStaticInit(Ljava/lang/Object;)V> (0x000000008963a990) thrown at [t:/workspace/src/hotspot/share/interpreter/linkResolver.cpp, line 741]
Event: 1.791 Thread 0x000001f67db7e000 Exception <a 'java/lang/NoSuchMethodError'{0x00000000894250b0}: java.lang.invoke.DirectMethodHandle$Holder.invokeStatic(Ljava/lang/Object;Ljava/lang/Object;Ljava/lang/Object;Ljava/lang/Object;Ljava/lang/Object;Ljava/lang/Object;Ljava/lang/Object;Ljava/lan
Event: 1.793 Thread 0x000001f67db7e000 Exception <a 'java/lang/NoSuchMethodError'{0x00000000894457a0}: java.lang.invoke.DirectMethodHandle$Holder.invokeStatic(Ljava/lang/Object;Ljava/lang/Object;Ljava/lang/Object;Ljava/lang/Object;Ljava/lang/Object;Ljava/lang/Object;Ljava/lang/Object;Ljava/lan
Event: 1.794 Thread 0x000001f67db7e000 Exception <a 'java/lang/NoSuchMethodError'{0x0000000089466ed8}: java.lang.invoke.DirectMethodHandle$Holder.invokeStatic(Ljava/lang/Object;Ljava/lang/Object;Ljava/lang/Object;Ljava/lang/Object;Ljava/lang/Object;Ljava/lang/Object;Ljava/lang/Object;Ljava/lan
Event: 1.803 Thread 0x000001f67db7e000 Exception <a 'java/lang/reflect/InvocationTargetException'{0x0000000089485158}> (0x0000000089485158) thrown at [t:/workspace/src/hotspot/share/runtime/reflection.cpp, line 1222]

Events (10 events):
Event: 1.867 Executing VM operation: RevokeBias
Event: 1.867 Executing VM operation: RevokeBias done
Event: 1.867 loading class jogamp/opengl/ToolkitThreadingPlugin
Event: 1.867 loading class jogamp/opengl/ToolkitThreadingPlugin done
Event: 1.868 loading class jogamp/opengl/awt/AWTThreadingPlugin$1
Event: 1.868 loading class jogamp/opengl/awt/AWTThreadingPlugin$1 done
Event: 1.868 Executing VM operation: RevokeBias
Event: 1.868 Executing VM operation: RevokeBias done
Event: 1.878 Executing VM operation: RevokeBias
Event: 1.878 Executing VM operation: RevokeBias done


Dynamic libraries:
0x00007ff7554d0000 - 0x00007ff75550d000 	C:\Users\Dell\jdk-10.0.2\bin\javaw.exe
0x00007ffddf800000 - 0x00007ffddf9f0000 	C:\Windows\SYSTEM32\ntdll.dll
0x00007ffdde6f0000 - 0x00007ffdde7a2000 	C:\Windows\System32\KERNEL32.DLL
0x00007ffddd0c0000 - 0x00007ffddd365000 	C:\Windows\System32\KERNELBASE.dll
0x00007ffddde10000 - 0x00007ffdddfa5000 	C:\Windows\System32\USER32.dll
0x00007ffddd420000 - 0x00007ffddd441000 	C:\Windows\System32\win32u.dll
0x00007ffdde110000 - 0x00007ffdde136000 	C:\Windows\System32\GDI32.dll
0x00007ffddd670000 - 0x00007ffddd806000 	C:\Windows\System32\gdi32full.dll
0x00007ffddd810000 - 0x00007ffddd8ae000 	C:\Windows\System32\msvcp_win.dll
0x00007ffddc840000 - 0x00007ffddc93a000 	C:\Windows\System32\ucrtbase.dll
0x00007ffdc8740000 - 0x00007ffdc89c4000 	C:\Windows\WinSxS\amd64_microsoft.windows.common-controls_6595b64144ccf1df_6.0.18362.1082_none_9e8193e1e45b25c1\COMCTL32.dll
0x00007ffddecf0000 - 0x00007ffdded8e000 	C:\Windows\System32\msvcrt.dll
0x00007ffdde9b0000 - 0x00007ffddece5000 	C:\Windows\System32\combase.dll
0x00007ffddf660000 - 0x00007ffddf780000 	C:\Windows\System32\RPCRT4.dll
0x00007ffddd450000 - 0x00007ffddd4d0000 	C:\Windows\System32\bcryptPrimitives.dll
0x00007ffddf790000 - 0x00007ffddf7be000 	C:\Windows\System32\IMM32.DLL
0x00007ffda2650000 - 0x00007ffda273f000 	C:\Users\Dell\jdk-10.0.2\bin\msvcr120.dll
0x00007ffda25a0000 - 0x00007ffda2646000 	C:\Users\Dell\jdk-10.0.2\bin\msvcp120.dll
0x0000000058c00000 - 0x00000000595ed000 	C:\Users\Dell\jdk-10.0.2\bin\server\jvm.dll
0x00007ffddf4e0000 - 0x00007ffddf583000 	C:\Windows\System32\ADVAPI32.dll
0x00007ffdde7b0000 - 0x00007ffdde847000 	C:\Windows\System32\sechost.dll
0x00007ffddd9d0000 - 0x00007ffddd9d8000 	C:\Windows\System32\PSAPI.DLL
0x00007ffdc5310000 - 0x00007ffdc5334000 	C:\Windows\SYSTEM32\WINMM.dll
0x00007ffdcfa50000 - 0x00007ffdcfa59000 	C:\Windows\SYSTEM32\WSOCK32.dll
0x00007ffdd3210000 - 0x00007ffdd321a000 	C:\Windows\SYSTEM32\VERSION.dll
0x00007ffddf590000 - 0x00007ffddf5ff000 	C:\Windows\System32\WS2_32.dll
0x00007ffdce340000 - 0x00007ffdce36d000 	C:\Windows\SYSTEM32\winmmbase.dll
0x00007ffddd370000 - 0x00007ffddd3ba000 	C:\Windows\System32\cfgmgr32.dll
0x00007ffdc6df0000 - 0x00007ffdc6dff000 	C:\Users\Dell\jdk-10.0.2\bin\verify.dll
0x00007ffddafe0000 - 0x00007ffddb1d4000 	C:\Windows\SYSTEM32\DBGHELP.DLL
0x00007ffdd1350000 - 0x00007ffdd137a000 	C:\Windows\SYSTEM32\dbgcore.DLL
0x00007ffdad7f0000 - 0x00007ffdad817000 	C:\Users\Dell\jdk-10.0.2\bin\java.dll
0x00007ffdbe9e0000 - 0x00007ffdbe9f6000 	C:\Users\Dell\jdk-10.0.2\bin\zip.dll
0x00007ffdc3730000 - 0x00007ffdc373a000 	C:\Users\Dell\jdk-10.0.2\bin\jimage.dll
0x00007ffdded90000 - 0x00007ffddf477000 	C:\Windows\System32\SHELL32.dll
0x00007ffddd8b0000 - 0x00007ffddd959000 	C:\Windows\System32\shcore.dll
0x00007ffddc940000 - 0x00007ffddd0c0000 	C:\Windows\System32\windows.storage.dll
0x00007ffddc6f0000 - 0x00007ffddc713000 	C:\Windows\System32\profapi.dll
0x00007ffddc720000 - 0x00007ffddc76a000 	C:\Windows\System32\powrprof.dll
0x00007ffddc6c0000 - 0x00007ffddc6d0000 	C:\Windows\System32\UMPDC.dll
0x00007ffddf480000 - 0x00007ffddf4d2000 	C:\Windows\System32\shlwapi.dll
0x00007ffddc6d0000 - 0x00007ffddc6e1000 	C:\Windows\System32\kernel.appcore.dll
0x00007ffddd4d0000 - 0x00007ffddd4e7000 	C:\Windows\System32\cryptsp.dll
0x00007ffdb7280000 - 0x00007ffdb729a000 	C:\Users\Dell\jdk-10.0.2\bin\net.dll
0x00007ffdd3b80000 - 0x00007ffdd3c70000 	C:\Windows\SYSTEM32\WINHTTP.dll
0x00007ffddbeb0000 - 0x00007ffddbf17000 	C:\Windows\system32\mswsock.dll
0x00007ffdafa70000 - 0x00007ffdafa81000 	C:\Users\Dell\jdk-10.0.2\bin\nio.dll
0x00007ffddba20000 - 0x00007ffddba53000 	C:\Windows\system32\rsaenh.dll
0x00007ffddd4f0000 - 0x00007ffddd516000 	C:\Windows\System32\bcrypt.dll
0x00007ffddc5e0000 - 0x00007ffddc605000 	C:\Windows\SYSTEM32\USERENV.dll
0x00007ffddc080000 - 0x00007ffddc08c000 	C:\Windows\SYSTEM32\CRYPTBASE.dll
0x00007ffddbbc0000 - 0x00007ffddbbfa000 	C:\Windows\SYSTEM32\IPHLPAPI.DLL
0x00007ffddf780000 - 0x00007ffddf788000 	C:\Windows\System32\NSI.dll
0x00007ffdd19f0000 - 0x00007ffdd1a06000 	C:\Windows\SYSTEM32\dhcpcsvc6.DLL
0x00007ffdd1a10000 - 0x00007ffdd1a2c000 	C:\Windows\SYSTEM32\dhcpcsvc.DLL
0x00007ffddbc00000 - 0x00007ffddbccb000 	C:\Windows\SYSTEM32\DNSAPI.dll
0x00007ffdd68e0000 - 0x00007ffdd696f000 	C:\Windows\system32\apphelp.dll
0x00000000637c0000 - 0x00000000637cd000 	C:\Users\Dell\AppData\Local\Temp\jogamp_0000\file_cache\jln7612460975129338568\jln17596649777089195650\natives\windows-amd64\gluegen-rt.dll
0x00007ffd86a40000 - 0x00007ffd86bda000 	C:\Users\Dell\jdk-10.0.2\bin\awt.dll
0x00007ffdddd40000 - 0x00007ffddde05000 	C:\Windows\System32\OLEAUT32.dll
0x00007ffdd3e50000 - 0x00007ffdd4410000 	C:\Windows\SYSTEM32\d2d1.dll
0x00007ffdd78a0000 - 0x00007ffdd7939000 	C:\Windows\system32\uxtheme.dll
0x00007ffdde140000 - 0x00007ffdde275000 	C:\Windows\System32\MSCTF.dll
0x00007ffdddfb0000 - 0x00007ffdde107000 	C:\Windows\System32\ole32.dll
0x00007ffdc0b60000 - 0x00007ffdc0b67000 	C:\Users\Dell\jdk-10.0.2\bin\jawt.dll
0x000000006a440000 - 0x000000006a44d000 	C:\Users\Dell\AppData\Local\Temp\jogamp_0000\file_cache\jln7612460975129338568\jln17596649777089195650\natives\windows-amd64\nativewindow_awt.dll
0x00007ffdd7a50000 - 0x00007ffdd7a7d000 	C:\Windows\system32\DWMAPI.DLL
0x00007ffd9e880000 - 0x00007ffd9e9d6000 	C:\Windows\system32\opengl32.dll
0x00007ffda5680000 - 0x00007ffda56ac000 	C:\Windows\SYSTEM32\GLU32.dll
0x00007ffddb2a0000 - 0x00007ffddb2c0000 	C:\Windows\SYSTEM32\dxcore.dll
0x000000006c100000 - 0x000000006c10f000 	C:\Users\Dell\AppData\Local\Temp\jogamp_0000\file_cache\jln7612460975129338568\jln17596649777089195650\natives\windows-amd64\nativewindow_win32.dll
0x0000000064500000 - 0x00000000645b1000 	C:\Users\Dell\AppData\Local\Temp\jogamp_0000\file_cache\jln7612460975129338568\jln17596649777089195650\natives\windows-amd64\jogl_desktop.dll
0x0000000064340000 - 0x00000000643a2000 	C:\Users\Dell\AppData\Local\Temp\jogamp_0000\file_cache\jln7612460975129338568\jln17596649777089195650\natives\windows-amd64\jogl_mobile.dll
0x00007ffd79580000 - 0x00007ffd7a4b3000 	C:\Windows\System32\DriverStore\FileRepository\iigd_dch.inf_amd64_39c3e17a2e95f0ed\ig9icd64.dll
0x00007ffddb2c0000 - 0x00007ffddb3ab000 	C:\Windows\system32\dxgi.dll
0x00007ffda7fa0000 - 0x00007ffda7fda000 	C:\Windows\system32\atig6txx.dll
0x00007ffdbb720000 - 0x00007ffdbb874000 	C:\Windows\System32\DriverStore\FileRepository\iigd_dch.inf_amd64_39c3e17a2e95f0ed\igdgmm64.dll
0x00007ffdb02e0000 - 0x00007ffdb2675000 	C:\Windows\System32\DriverStore\FileRepository\iigd_dch.inf_amd64_39c3e17a2e95f0ed\igc64.dll
0x00007ffda3250000 - 0x00007ffda32ec000 	C:\Users\Dell\jdk-10.0.2\bin\freetype.dll
0x00007ffda6be0000 - 0x00007ffda6c48000 	C:\Users\Dell\jdk-10.0.2\bin\fontmanager.dll
0x00007ffdb63c0000 - 0x00007ffdb645e000 	C:\Windows\System32\TextInputFramework.dll
0x00007ffdb6b20000 - 0x00007ffdb6e4a000 	C:\Windows\System32\CoreUIComponents.dll
0x00007ffdd5190000 - 0x00007ffdd5264000 	C:\Windows\System32\CoreMessaging.dll
0x00007ffddb810000 - 0x00007ffddb841000 	C:\Windows\SYSTEM32\ntmarta.dll
0x00007ffdd4c40000 - 0x00007ffdd4d93000 	C:\Windows\SYSTEM32\wintypes.dll
0x00007ffdcdb00000 - 0x00007ffdcdda6000 	C:\Windows\System32\iertutil.dll

dbghelp: loaded successfully - version: 4.0.5 - missing functions: none
symbol engine: initialized successfully - sym options: 0x614 - pdb path: .;C:\Users\Dell\jdk-10.0.2\bin;C:\Windows\SYSTEM32;C:\Windows\WinSxS\amd64_microsoft.windows.common-controls_6595b64144ccf1df_6.0.18362.1082_none_9e8193e1e45b25c1;C:\Users\Dell\jdk-10.0.2\bin\server;C:\Users\Dell\AppData\Local\Temp\jogamp_0000\file_cache\jln7612460975129338568\jln17596649777089195650\natives\windows-amd64;C:\Windows\System32\DriverStore\FileRepository\iigd_dch.inf_amd64_39c3e17a2e95f0ed

VM Arguments:
jvm_args: -Djava.library.path=C:\Users\Dell\workspace\OpenGL\src\natives;C:\Users\Dell\workspace\OpenGL\src\natives -Dfile.encoding=Cp1252 
java_command: main.Renderer
java_class_path (initial): C:\Users\Dell\workspace\OpenGL\bin;C:\Users\Dell\Downloads\jogamp-all-platforms\jogamp-all-platforms\jar\gluegen-rt.jar;C:\Users\Dell\Downloads\jogamp-all-platforms\jogamp-all-platforms\jar\jogl-all.jar
Launcher Type: SUN_STANDARD

Logging:
Log output configuration:
#0: stdout all=warning uptime,level,tags
#1: stderr all=off uptime,level,tags

Environment Variables:
JAVA_HOME=C:\Program Files\Java\jdk-11
PATH=C:/Program Files/Java/jdk-11/bin/server;C:/Program Files/Java/jdk-11/bin;C:\Program Files\Java\jdk-11\bin;C:\Program Files\Haskell\bin;C:\Program Files\Haskell Platform\8.6.5\lib\extralibs\bin;C:\Program Files\Haskell Platform\8.6.5\bin;C:\opencv\build\x64\vc14\bin;C:\MinGW\bin;C:\Program Files\Git\cmd;C:\Users\Dell\AppData\Roaming\nvm;C:\Program Files\nodejs;C:\Program Files\Microsoft VS Code\bin;C:\Program Files\dotnet\;C:\Program Files\Haskell Platform\8.6.5\mingw\bin;C:\Program Files\CMake\bin;C:\Users\Dell\AppData\Local\Programs\Python\Python36\Scripts\;C:\Users\Dell\AppData\Local\Programs\Python\Python36\;C:\Program Files\Java\jdk-11\bin;C:\Users\Dell\AppData\Roaming\cabal\bin;C:\Users\Dell\AppData\Roaming\local\bin;C:\Users\Dell\AppData\Local\Microsoft\WindowsApps;C:\Program Files\Docker Toolbox;C:\Users\Dell\AppData\Roaming\nvm;C:\Program Files\nodejs;C:\Users\Dell\ant\apache-ant-1.10.8\bin;C:\Program Files\GNU\gawk-3.1.6-1-bin\bin;;C:\Windows\system32;
USERNAME=Dell
OS=Windows_NT
PROCESSOR_IDENTIFIER=Intel64 Family 6 Model 142 Stepping 12, GenuineIntel



---------------  S Y S T E M  ---------------

OS: Windows 10 , 64 bit Build 18362 (10.0.18362.1082)

CPU:total 8 (initial active 8) (4 cores per cpu, 2 threads per core) family 6 model 142 stepping 12, cmov, cx8, fxsr, mmx, sse, sse2, sse3, ssse3, sse4.1, sse4.2, popcnt, avx, avx2, aes, clmul, erms, 3dnowpref, lzcnt, ht, tsc, tscinvbit, bmi1, bmi2, adx, fma

Memory: 4k page, physical 8262140k(2284296k free), swap 18223612k(9643428k free)

vm_info: OpenJDK 64-Bit Server VM (10.0.2+13) for windows-amd64 JRE (10.0.2+13), built on Jun 28 2018 02:00:24 by "mach5one" with MS VC++ 12.0 (VS2013)

END.
